[     218ms] [LOG] [Fast Refresh] rebuilding @ http://localhost:3000/_next/static/chunks/3a03c_next_dist_070c5e51._.js:1053
[     251ms] [LOG] [Fast Refresh] done in 136ms @ http://localhost:3000/_next/static/chunks/3a03c_next_dist_070c5e51._.js:1053
[     584ms] [ERROR] Invalid Sentry Dsn: your-project-dsn @ http://localhost:3000/_next/static/chunks/45634_%40sentry_core_build_esm_71bf6120._.js:3311
[     584ms] [ERROR] Invalid Sentry Dsn: your-project-dsn @ http://localhost:3000/_next/static/chunks/45634_%40sentry_core_build_esm_71bf6120._.js:3311
[     586ms] [INFO] %cDownload the React DevTools for a better development experience: https://react.dev/link/react-devtools font-weight:bold @ http://localhost:3000/_next/static/chunks/3a03c_next_dist_070c5e51._.js:1053
[     611ms] [LOG] [HMR] connected @ http://localhost:3000/_next/static/chunks/3a03c_next_dist_070c5e51._.js:1053
[     637ms] [WARNING] Image with src "/img/logo_shiro.png" has either width or height modified, but not the other. If you use CSS to change the size of your image, also include the styles 'width: "auto"' or 'height: "auto"' to maintain the aspect ratio. @ http://localhost:3000/_next/static/chunks/3a03c_next_dist_070c5e51._.js:1053
[     637ms] [WARNING] Image with src "/img/footer_logo.webp" has either width or height modified, but not the other. If you use CSS to change the size of your image, also include the styles 'width: "auto"' or 'height: "auto"' to maintain the aspect ratio. @ http://localhost:3000/_next/static/chunks/3a03c_next_dist_070c5e51._.js:1053
[   34808ms] TypeError: this._getIconUrl is not a function
    at NewClass._createIcon (http://localhost:3000/_next/static/chunks/9f915_leaflet_dist_leaflet-src_2cfd6706.js:6054:28)
    at NewClass.createIcon (http://localhost:3000/_next/static/chunks/9f915_leaflet_dist_leaflet-src_2cfd6706.js:6046:25)
    at NewClass._initIcon (http://localhost:3000/_next/static/chunks/9f915_leaflet_dist_leaflet-src_2cfd6706.js:6440:37)
    at NewClass.onAdd (http://localhost:3000/_next/static/chunks/9f915_leaflet_dist_leaflet-src_2cfd6706.js:6365:18)
    at NewClass._layerAdd (http://localhost:3000/_next/static/chunks/9f915_leaflet_dist_leaflet-src_2cfd6706.js:5617:18)
    at NewClass.whenReady (http://localhost:3000/_next/static/chunks/9f915_leaflet_dist_leaflet-src_2cfd6706.js:3773:26)
    at NewClass.addLayer (http://localhost:3000/_next/static/chunks/9f915_leaflet_dist_leaflet-src_2cfd6706.js:5669:18)
    at NewClass.addTo (http://localhost:3000/_next/static/chunks/9f915_leaflet_dist_leaflet-src_2cfd6706.js:5564:17)
    at PosterPlacementMap.useEffect (http://localhost:3000/_next/static/chunks/src_features_afff2221._.js:259:20)
    at Object.react_stack_bottom_frame (http://localhost:3000/_next/static/chunks/3a03c_next_dist_compiled_react-dom_18ea03ed._.js:14876:22)
    at runWithFiberInDEV (http://localhost:3000/_next/static/chunks/3a03c_next_dist_compiled_react-dom_18ea03ed._.js:965:74)
    at commitHookEffectListMount (http://localhost:3000/_next/static/chunks/3a03c_next_dist_compiled_react-dom_18ea03ed._.js:7266:167)
    at commitHookPassiveMountEffects (http://localhost:3000/_next/static/chunks/3a03c_next_dist_compiled_react-dom_18ea03ed._.js:7301:60)
    at commitPassiveMountOnFiber (http://localhost:3000/_next/static/chunks/3a03c_next_dist_compiled_react-dom_18ea03ed._.js:8696:33)
    at recursivelyTraversePassiveMountEffects (http://localhost:3000/_next/static/chunks/3a03c_next_dist_compiled_react-dom_18ea03ed._.js:8683:316)
    at commitPassiveMountOnFiber (http://localhost:3000/_next/static/chunks/3a03c_next_dist_compiled_react-dom_18ea03ed._.js:8695:17)
    at recursivelyTraversePassiveMountEffects (http://localhost:3000/_next/static/chunks/3a03c_next_dist_compiled_react-dom_18ea03ed._.js:8683:316)
    at commitPassiveMountOnFiber (http://localhost:3000/_next/static/chunks/3a03c_next_dist_compiled_react-dom_18ea03ed._.js:8745:783)
    at recursivelyTraversePassiveMountEffects (http://localhost:3000/_next/static/chunks/3a03c_next_dist_compiled_react-dom_18ea03ed._.js:8683:316)
    at commitPassiveMountOnFiber (http://localhost:3000/_next/static/chunks/3a03c_next_dist_compiled_react-dom_18ea03ed._.js:8737:17)
    at recursivelyTraversePassiveMountEffects (http://localhost:3000/_next/static/chunks/3a03c_next_dist_compiled_react-dom_18ea03ed._.js:8683:316)
    at commitPassiveMountOnFiber (http://localhost:3000/_next/static/chunks/3a03c_next_dist_compiled_react-dom_18ea03ed._.js:8695:17)
    at recursivelyTraversePassiveMountEffects (http://localhost:3000/_next/static/chunks/3a03c_next_dist_compiled_react-dom_18ea03ed._.js:8683:316)
    at commitPassiveMountOnFiber (http://localhost:3000/_next/static/chunks/3a03c_next_dist_compiled_react-dom_18ea03ed._.js:8757:17)
    at recursivelyTraversePassiveMountEffects (http://localhost:3000/_next/static/chunks/3a03c_next_dist_compiled_react-dom_18ea03ed._.js:8683:316)
    at commitPassiveMountOnFiber (http://localhost:3000/_next/static/chunks/3a03c_next_dist_compiled_react-dom_18ea03ed._.js:8695:17)
    at recursivelyTraversePassiveMountEffects (http://localhost:3000/_next/static/chunks/3a03c_next_dist_compiled_react-dom_18ea03ed._.js:8683:316)
    at commitPassiveMountOnFiber (http://localhost:3000/_next/static/chunks/3a03c_next_dist_compiled_react-dom_18ea03ed._.js:8695:17)
    at recursivelyTraversePassiveMountEffects (http://localhost:3000/_next/static/chunks/3a03c_next_dist_compiled_react-dom_18ea03ed._.js:8683:316)
    at commitPassiveMountOnFiber (http://localhost:3000/_next/static/chunks/3a03c_next_dist_compiled_react-dom_18ea03ed._.js:8757:17)
    at recursivelyTraversePassiveMountEffects (http://localhost:3000/_next/static/chunks/3a03c_next_dist_compiled_react-dom_18ea03ed._.js:8683:316)
    at commitPassiveMountOnFiber (http://localhost:3000/_next/static/chunks/3a03c_next_dist_compiled_react-dom_18ea03ed._.js:8757:17)
    at recursivelyTraversePassiveMountEffects (http://localhost:3000/_next/static/chunks/3a03c_next_dist_compiled_react-dom_18ea03ed._.js:8683:316)
    at commitPassiveMountOnFiber (http://localhost:3000/_next/static/chunks/3a03c_next_dist_compiled_react-dom_18ea03ed._.js:8695:17)
    at recursivelyTraversePassiveMountEffects (http://localhost:3000/_next/static/chunks/3a03c_next_dist_compiled_react-dom_18ea03ed._.js:8683:316)
    at commitPassiveMountOnFiber (http://localhost:3000/_next/static/chunks/3a03c_next_dist_compiled_react-dom_18ea03ed._.js:8700:17)
    at recursivelyTraversePassiveMountEffects (http://localhost:3000/_next/static/chunks/3a03c_next_dist_compiled_react-dom_18ea03ed._.js:8683:316)
    at commitPassiveMountOnFiber (http://localhost:3000/_next/static/chunks/3a03c_next_dist_compiled_react-dom_18ea03ed._.js:8695:17)
    at recursivelyTraversePassiveMountEffects (http://localhost:3000/_next/static/chunks/3a03c_next_dist_compiled_react-dom_18ea03ed._.js:8683:316)
    at commitPassiveMountOnFiber (http://localhost:3000/_next/static/chunks/3a03c_next_dist_compiled_react-dom_18ea03ed._.js:8695:17)
    at recursivelyTraversePassiveMountEffects (http://localhost:3000/_next/static/chunks/3a03c_next_dist_compiled_react-dom_18ea03ed._.js:8683:316)
    at commitPassiveMountOnFiber (http://localhost:3000/_next/static/chunks/3a03c_next_dist_compiled_react-dom_18ea03ed._.js:8695:17)
    at recursivelyTraversePassiveMountEffects (http://localhost:3000/_next/static/chunks/3a03c_next_dist_compiled_react-dom_18ea03ed._.js:8683:316)
    at commitPassiveMountOnFiber (http://localhost:3000/_next/static/chunks/3a03c_next_dist_compiled_react-dom_18ea03ed._.js:8695:17)
    at recursivelyTraversePassiveMountEffects (http://localhost:3000/_next/static/chunks/3a03c_next_dist_compiled_react-dom_18ea03ed._.js:8683:316)
    at commitPassiveMountOnFiber (http://localhost:3000/_next/static/chunks/3a03c_next_dist_compiled_react-dom_18ea03ed._.js:8700:17)
    at recursivelyTraversePassiveMountEffects (http://localhost:3000/_next/static/chunks/3a03c_next_dist_compiled_react-dom_18ea03ed._.js:8683:316)
    at commitPassiveMountOnFiber (http://localhost:3000/_next/static/chunks/3a03c_next_dist_compiled_react-dom_18ea03ed._.js:8695:17)
    at recursivelyTraversePassiveMountEffects (http://localhost:3000/_next/static/chunks/3a03c_next_dist_compiled_react-dom_18ea03ed._.js:8683:316)
    at commitPassiveMountOnFiber (http://localhost:3000/_next/static/chunks/3a03c_next_dist_compiled_react-dom_18ea03ed._.js:8695:17)
[   34816ms] TypeError: Cannot read properties of undefined (reading '_leaflet_events')
    at removeOne (http://localhost:3000/_next/static/chunks/9f915_leaflet_dist_leaflet-src_2cfd6706.js:2345:26)
    at off (http://localhost:3000/_next/static/chunks/9f915_leaflet_dist_leaflet-src_2cfd6706.js:2288:21)
    at NewClass._removeIcon (http://localhost:3000/_next/static/chunks/9f915_leaflet_dist_leaflet-src_2cfd6706.js:6498:17)
    at NewClass.onRemove (http://localhost:3000/_next/static/chunks/9f915_leaflet_dist_leaflet-src_2cfd6706.js:6377:18)
    at NewClass.removeLayer (http://localhost:3000/_next/static/chunks/9f915_leaflet_dist_leaflet-src_2cfd6706.js:5680:23)
    at NewClass.removeFrom (http://localhost:3000/_next/static/chunks/9f915_leaflet_dist_leaflet-src_2cfd6706.js:5580:21)
    at NewClass.remove (http://localhost:3000/_next/static/chunks/9f915_leaflet_dist_leaflet-src_2cfd6706.js:5570:25)
    at NewClass.remove (http://localhost:3000/_next/static/chunks/9f915_leaflet_dist_leaflet-src_2cfd6706.js:3201:33)
    at PosterPlacementMap.useEffect (http://localhost:3000/_next/static/chunks/src_features_afff2221._.js:234:48)
    at Object.react_stack_bottom_frame (http://localhost:3000/_next/static/chunks/3a03c_next_dist_compiled_react-dom_18ea03ed._.js:14882:17)
    at runWithFiberInDEV (http://localhost:3000/_next/static/chunks/3a03c_next_dist_compiled_react-dom_18ea03ed._.js:965:74)
    at commitHookEffectListUnmount (http://localhost:3000/_next/static/chunks/3a03c_next_dist_compiled_react-dom_18ea03ed._.js:7291:166)
    at commitHookPassiveUnmountEffects (http://localhost:3000/_next/static/chunks/3a03c_next_dist_compiled_react-dom_18ea03ed._.js:7304:60)
    at commitPassiveUnmountEffectsInsideOfDeletedTree_begin (http://localhost:3000/_next/static/chunks/3a03c_next_dist_compiled_react-dom_18ea03ed._.js:8964:21)
    at recursivelyTraversePassiveUnmountEffects (http://localhost:3000/_next/static/chunks/3a03c_next_dist_compiled_react-dom_18ea03ed._.js:8881:17)
    at commitPassiveUnmountOnFiber (http://localhost:3000/_next/static/chunks/3a03c_next_dist_compiled_react-dom_18ea03ed._.js:8913:17)
    at recursivelyTraversePassiveUnmountEffects (http://localhost:3000/_next/static/chunks/3a03c_next_dist_compiled_react-dom_18ea03ed._.js:8887:106)
    at commitPassiveUnmountOnFiber (http://localhost:3000/_next/static/chunks/3a03c_next_dist_compiled_react-dom_18ea03ed._.js:8895:17)
    at recursivelyTraversePassiveUnmountEffects (http://localhost:3000/_next/static/chunks/3a03c_next_dist_compiled_react-dom_18ea03ed._.js:8887:106)
    at commitPassiveUnmountOnFiber (http://localhost:3000/_next/static/chunks/3a03c_next_dist_compiled_react-dom_18ea03ed._.js:8913:17)
    at recursivelyTraversePassiveUnmountEffects (http://localhost:3000/_next/static/chunks/3a03c_next_dist_compiled_react-dom_18ea03ed._.js:8887:106)
    at commitPassiveUnmountOnFiber (http://localhost:3000/_next/static/chunks/3a03c_next_dist_compiled_react-dom_18ea03ed._.js:8913:17)
    at recursivelyTraversePassiveUnmountEffects (http://localhost:3000/_next/static/chunks/3a03c_next_dist_compiled_react-dom_18ea03ed._.js:8887:106)
    at commitPassiveUnmountOnFiber (http://localhost:3000/_next/static/chunks/3a03c_next_dist_compiled_react-dom_18ea03ed._.js:8913:17)
    at recursivelyTraversePassiveUnmountEffects (http://localhost:3000/_next/static/chunks/3a03c_next_dist_compiled_react-dom_18ea03ed._.js:8887:106)
    at commitPassiveUnmountOnFiber (http://localhost:3000/_next/static/chunks/3a03c_next_dist_compiled_react-dom_18ea03ed._.js:8913:17)
    at recursivelyTraversePassiveUnmountEffects (http://localhost:3000/_next/static/chunks/3a03c_next_dist_compiled_react-dom_18ea03ed._.js:8887:106)
    at commitPassiveUnmountOnFiber (http://localhost:3000/_next/static/chunks/3a03c_next_dist_compiled_react-dom_18ea03ed._.js:8913:17)
    at recursivelyTraversePassiveUnmountEffects (http://localhost:3000/_next/static/chunks/3a03c_next_dist_compiled_react-dom_18ea03ed._.js:8887:106)
    at commitPassiveUnmountOnFiber (http://localhost:3000/_next/static/chunks/3a03c_next_dist_compiled_react-dom_18ea03ed._.js:8913:17)
    at recursivelyTraversePassiveUnmountEffects (http://localhost:3000/_next/static/chunks/3a03c_next_dist_compiled_react-dom_18ea03ed._.js:8887:106)
    at commitPassiveUnmountOnFiber (http://localhost:3000/_next/static/chunks/3a03c_next_dist_compiled_react-dom_18ea03ed._.js:8913:17)
    at recursivelyTraversePassiveUnmountEffects (http://localhost:3000/_next/static/chunks/3a03c_next_dist_compiled_react-dom_18ea03ed._.js:8887:106)
    at commitPassiveUnmountOnFiber (http://localhost:3000/_next/static/chunks/3a03c_next_dist_compiled_react-dom_18ea03ed._.js:8895:17)
    at recursivelyTraversePassiveUnmountEffects (http://localhost:3000/_next/static/chunks/3a03c_next_dist_compiled_react-dom_18ea03ed._.js:8887:106)
    at commitPassiveUnmountOnFiber (http://localhost:3000/_next/static/chunks/3a03c_next_dist_compiled_react-dom_18ea03ed._.js:8913:17)
    at recursivelyTraversePassiveUnmountEffects (http://localhost:3000/_next/static/chunks/3a03c_next_dist_compiled_react-dom_18ea03ed._.js:8887:106)
    at commitPassiveUnmountOnFiber (http://localhost:3000/_next/static/chunks/3a03c_next_dist_compiled_react-dom_18ea03ed._.js:8895:17)
    at recursivelyTraversePassiveUnmountEffects (http://localhost:3000/_next/static/chunks/3a03c_next_dist_compiled_react-dom_18ea03ed._.js:8887:106)
    at commitPassiveUnmountOnFiber (http://localhost:3000/_next/static/chunks/3a03c_next_dist_compiled_react-dom_18ea03ed._.js:8895:17)
    at recursivelyTraversePassiveUnmountEffects (http://localhost:3000/_next/static/chunks/3a03c_next_dist_compiled_react-dom_18ea03ed._.js:8887:106)
    at commitPassiveUnmountOnFiber (http://localhost:3000/_next/static/chunks/3a03c_next_dist_compiled_react-dom_18ea03ed._.js:8895:17)
    at recursivelyTraversePassiveUnmountEffects (http://localhost:3000/_next/static/chunks/3a03c_next_dist_compiled_react-dom_18ea03ed._.js:8887:106)
    at commitPassiveUnmountOnFiber (http://localhost:3000/_next/static/chunks/3a03c_next_dist_compiled_react-dom_18ea03ed._.js:8913:17)
    at recursivelyTraversePassiveUnmountEffects (http://localhost:3000/_next/static/chunks/3a03c_next_dist_compiled_react-dom_18ea03ed._.js:8887:106)
    at commitPassiveUnmountOnFiber (http://localhost:3000/_next/static/chunks/3a03c_next_dist_compiled_react-dom_18ea03ed._.js:8895:17)
    at recursivelyTraversePassiveUnmountEffects (http://localhost:3000/_next/static/chunks/3a03c_next_dist_compiled_react-dom_18ea03ed._.js:8887:106)
    at commitPassiveUnmountOnFiber (http://localhost:3000/_next/static/chunks/3a03c_next_dist_compiled_react-dom_18ea03ed._.js:8895:17)
    at recursivelyTraversePassiveUnmountEffects (http://localhost:3000/_next/static/chunks/3a03c_next_dist_compiled_react-dom_18ea03ed._.js:8887:106)
    at commitPassiveUnmountOnFiber (http://localhost:3000/_next/static/chunks/3a03c_next_dist_compiled_react-dom_18ea03ed._.js:8913:17)
[   63211ms] [LOG] [Fast Refresh] rebuilding @ http://localhost:3000/_next/static/chunks/3a03c_next_dist_070c5e51._.js:1053
[   63276ms] [WARNING] [Fast Refresh] performing full reload because your application had an unrecoverable error @ http://localhost:3000/_next/static/chunks/3a03c_next_dist_070c5e51._.js:1053
[   63294ms] [LOG] [Fast Refresh] done in 166ms @ http://localhost:3000/_next/static/chunks/3a03c_next_dist_070c5e51._.js:1053
[   63778ms] [ERROR] Invalid Sentry Dsn: your-project-dsn @ http://localhost:3000/_next/static/chunks/45634_%40sentry_core_build_esm_71bf6120._.js:3311
[   63779ms] [ERROR] Invalid Sentry Dsn: your-project-dsn @ http://localhost:3000/_next/static/chunks/45634_%40sentry_core_build_esm_71bf6120._.js:3311
[   63780ms] [INFO] %cDownload the React DevTools for a better development experience: https://react.dev/link/react-devtools font-weight:bold @ http://localhost:3000/_next/static/chunks/3a03c_next_dist_070c5e51._.js:1053
[   63795ms] [LOG] [HMR] connected @ http://localhost:3000/_next/static/chunks/3a03c_next_dist_070c5e51._.js:1053
[   63847ms] [WARNING] Image with src "/img/logo_shiro.png" has either width or height modified, but not the other. If you use CSS to change the size of your image, also include the styles 'width: "auto"' or 'height: "auto"' to maintain the aspect ratio. @ http://localhost:3000/_next/static/chunks/3a03c_next_dist_070c5e51._.js:1053
[   63847ms] [WARNING] Image with src "/img/footer_logo.webp" has either width or height modified, but not the other. If you use CSS to change the size of your image, also include the styles 'width: "auto"' or 'height: "auto"' to maintain the aspect ratio. @ http://localhost:3000/_next/static/chunks/3a03c_next_dist_070c5e51._.js:1053
[   63877ms] [WARNING] Geolocation permission has been blocked as the user has ignored the permission prompt several times. This can be reset in Page Info which can be accessed by clicking the tune icon next to the URL. See https://www.chromestatus.com/feature/6443143280984064 for more information. @ http://localhost:3000/map/poster-placement:0
[   63877ms] [WARNING] Geolocation permission has been blocked as the user has ignored the permission prompt several times. This can be reset in Page Info which can be accessed by clicking the tune icon next to the URL. See https://www.chromestatus.com/feature/6443143280984064 for more information. @ http://localhost:3000/map/poster-placement:0
