[     227ms] [ERROR] Invalid Sentry Dsn: your-project-dsn @ http://localhost:3000/_next/static/chunks/45634_%40sentry_core_build_esm_71bf6120._.js:3311
[     228ms] [ERROR] Invalid Sentry Dsn: your-project-dsn @ http://localhost:3000/_next/static/chunks/45634_%40sentry_core_build_esm_71bf6120._.js:3311
[     228ms] [INFO] %cDownload the React DevTools for a better development experience: https://react.dev/link/react-devtools font-weight:bold @ http://localhost:3000/_next/static/chunks/3a03c_next_dist_070c5e51._.js:1053
[     251ms] [LOG] [HMR] connected @ http://localhost:3000/_next/static/chunks/3a03c_next_dist_070c5e51._.js:1053
[     280ms] [WARNING] Image with src "/img/logo_shiro.png" has either width or height modified, but not the other. If you use CSS to change the size of your image, also include the styles 'width: "auto"' or 'height: "auto"' to maintain the aspect ratio. @ http://localhost:3000/_next/static/chunks/3a03c_next_dist_070c5e51._.js:1053
[     280ms] [WARNING] Image with src "/img/footer_logo.webp" has either width or height modified, but not the other. If you use CSS to change the size of your image, also include the styles 'width: "auto"' or 'height: "auto"' to maintain the aspect ratio. @ http://localhost:3000/_next/static/chunks/3a03c_next_dist_070c5e51._.js:1053
[     359ms] [WARNING] Geolocation permission has been blocked as the user has ignored the permission prompt several times. This can be reset in Page Info which can be accessed by clicking the tune icon next to the URL. See https://www.chromestatus.com/feature/6443143280984064 for more information. @ http://localhost:3000/map/poster-placement:0
[     359ms] [WARNING] Geolocation permission has been blocked as the user has ignored the permission prompt several times. This can be reset in Page Info which can be accessed by clicking the tune icon next to the URL. See https://www.chromestatus.com/feature/6443143280984064 for more information. @ http://localhost:3000/map/poster-placement:0
[   72689ms] [ERROR] WebSocket connection to 'ws://localhost:3000/_next/webpack-hmr?id=7Z-mEgi_XZFzGXAL6l3QS' failed:  @ http://localhost:3000/_next/static/chunks/3a03c_next_dist_client_ca12d368._.js:12057
[   73698ms] [ERROR] WebSocket connection to 'ws://localhost:3000/_next/webpack-hmr?id=7Z-mEgi_XZFzGXAL6l3QS' failed: Error in connection establishment: net::ERR_CONNECTION_REFUSED @ http://localhost:3000/_next/static/chunks/3a03c_next_dist_client_ca12d368._.js:12057
[   74702ms] [ERROR] WebSocket connection to 'ws://localhost:3000/_next/webpack-hmr?id=7Z-mEgi_XZFzGXAL6l3QS' failed: Error in connection establishment: net::ERR_CONNECTION_REFUSED @ http://localhost:3000/_next/static/chunks/3a03c_next_dist_client_ca12d368._.js:12057
[   75705ms] [ERROR] WebSocket connection to 'ws://localhost:3000/_next/webpack-hmr?id=7Z-mEgi_XZFzGXAL6l3QS' failed: Error in connection establishment: net::ERR_CONNECTION_REFUSED @ http://localhost:3000/_next/static/chunks/3a03c_next_dist_client_ca12d368._.js:12057
[   76712ms] [ERROR] WebSocket connection to 'ws://localhost:3000/_next/webpack-hmr?id=7Z-mEgi_XZFzGXAL6l3QS' failed: Error in connection establishment: net::ERR_CONNECTION_REFUSED @ http://localhost:3000/_next/static/chunks/3a03c_next_dist_client_ca12d368._.js:12057
[   77717ms] [ERROR] WebSocket connection to 'ws://localhost:3000/_next/webpack-hmr?id=7Z-mEgi_XZFzGXAL6l3QS' failed: Error in connection establishment: net::ERR_CONNECTION_REFUSED @ http://localhost:3000/_next/static/chunks/3a03c_next_dist_client_ca12d368._.js:12057
[   82976ms] [LOG] [HMR] connected @ http://localhost:3000/_next/static/chunks/3a03c_next_dist_070c5e51._.js:1053
[   84106ms] [INFO] %cDownload the React DevTools for a better development experience: https://react.dev/link/react-devtools font-weight:bold @ http://localhost:3000/_next/static/chunks/3a03c_next_dist_3b0e7501._.js:2302
[   84143ms] [LOG] [HMR] connected @ http://localhost:3000/_next/static/chunks/3a03c_next_dist_3b0e7501._.js:2302
[   84181ms] [WARNING] Image with src "/img/logo_shiro.png" has either width or height modified, but not the other. If you use CSS to change the size of your image, also include the styles 'width: "auto"' or 'height: "auto"' to maintain the aspect ratio. @ http://localhost:3000/_next/static/chunks/3a03c_next_dist_3b0e7501._.js:2302
[   84181ms] [WARNING] Image with src "/img/footer_logo.webp" has either width or height modified, but not the other. If you use CSS to change the size of your image, also include the styles 'width: "auto"' or 'height: "auto"' to maintain the aspect ratio. @ http://localhost:3000/_next/static/chunks/3a03c_next_dist_3b0e7501._.js:2302
[   84201ms] [WARNING] Image with src "/img/hero-background.svg" was detected as the Largest Contentful Paint (LCP). Please add the `loading="eager"` property if this image is above the fold.
Read more: https://nextjs.org/docs/app/api-reference/components/image#loading @ http://localhost:3000/_next/static/chunks/3a03c_next_dist_3b0e7501._.js:2302
[   84258ms] [LOG] [Fast Refresh] rebuilding @ http://localhost:3000/_next/static/chunks/3a03c_next_dist_3b0e7501._.js:2302
[   84267ms] [LOG] [Fast Refresh] done in 111ms @ http://localhost:3000/_next/static/chunks/3a03c_next_dist_3b0e7501._.js:2302
[   88473ms] [LOG] [Fast Refresh] rebuilding @ http://localhost:3000/_next/static/chunks/3a03c_next_dist_3b0e7501._.js:2302
[   88486ms] [LOG] [Fast Refresh] done in 116ms @ http://localhost:3000/_next/static/chunks/3a03c_next_dist_3b0e7501._.js:2302
[   88616ms] [LOG] [Fast Refresh] rebuilding @ http://localhost:3000/_next/static/chunks/3a03c_next_dist_3b0e7501._.js:2302
[   88795ms] [LOG] [Fast Refresh] done in 281ms @ http://localhost:3000/_next/static/chunks/3a03c_next_dist_3b0e7501._.js:2302
[   92067ms] [LOG] [Fast Refresh] rebuilding @ http://localhost:3000/_next/static/chunks/3a03c_next_dist_3b0e7501._.js:2302
[   92875ms] [LOG] [Fast Refresh] done in 910ms @ http://localhost:3000/_next/static/chunks/3a03c_next_dist_3b0e7501._.js:2302
[  110270ms] [LOG] [Fast Refresh] rebuilding @ http://localhost:3000/_next/static/chunks/3a03c_next_dist_3b0e7501._.js:2302
[  110600ms] [LOG] [Fast Refresh] done in 432ms @ http://localhost:3000/_next/static/chunks/3a03c_next_dist_3b0e7501._.js:2302
[  110703ms] [LOG] [Fast Refresh] rebuilding @ http://localhost:3000/_next/static/chunks/3a03c_next_dist_3b0e7501._.js:2302
[  110724ms] [LOG] [Fast Refresh] done in 124ms @ http://localhost:3000/_next/static/chunks/3a03c_next_dist_3b0e7501._.js:2302
[  111181ms] [LOG] [Fast Refresh] rebuilding @ http://localhost:3000/_next/static/chunks/3a03c_next_dist_3b0e7501._.js:2302
[  111412ms] [LOG] [Fast Refresh] done in 332ms @ http://localhost:3000/_next/static/chunks/3a03c_next_dist_3b0e7501._.js:2302
[  111515ms] [LOG] [Fast Refresh] rebuilding @ http://localhost:3000/_next/static/chunks/3a03c_next_dist_3b0e7501._.js:2302
[  111548ms] [LOG] [Fast Refresh] done in 136ms @ http://localhost:3000/_next/static/chunks/3a03c_next_dist_3b0e7501._.js:2302
[  113274ms] [ERROR] WebSocket connection to 'ws://localhost:3000/_next/webpack-hmr?id=ASsRbGmFocVKcWaW-O_Dr' failed: Error in connection establishment: net::ERR_CONNECTION_REFUSED @ http://localhost:3000/_next/static/chunks/3a03c_next_dist_client_c2e61c5e._.js:10878
[  114276ms] [ERROR] WebSocket connection to 'ws://localhost:3000/_next/webpack-hmr?id=ASsRbGmFocVKcWaW-O_Dr' failed: Error in connection establishment: net::ERR_CONNECTION_REFUSED @ http://localhost:3000/_next/static/chunks/3a03c_next_dist_client_c2e61c5e._.js:10878
[  115281ms] [ERROR] WebSocket connection to 'ws://localhost:3000/_next/webpack-hmr?id=ASsRbGmFocVKcWaW-O_Dr' failed: Error in connection establishment: net::ERR_CONNECTION_REFUSED @ http://localhost:3000/_next/static/chunks/3a03c_next_dist_client_c2e61c5e._.js:10878
[  116284ms] [ERROR] WebSocket connection to 'ws://localhost:3000/_next/webpack-hmr?id=ASsRbGmFocVKcWaW-O_Dr' failed: Error in connection establishment: net::ERR_CONNECTION_REFUSED @ http://localhost:3000/_next/static/chunks/3a03c_next_dist_client_c2e61c5e._.js:10878
[  117288ms] [ERROR] WebSocket connection to 'ws://localhost:3000/_next/webpack-hmr?id=ASsRbGmFocVKcWaW-O_Dr' failed: Error in connection establishment: net::ERR_CONNECTION_REFUSED @ http://localhost:3000/_next/static/chunks/3a03c_next_dist_client_c2e61c5e._.js:10878
[  122293ms] [ERROR] WebSocket connection to 'ws://localhost:3000/_next/webpack-hmr?id=ASsRbGmFocVKcWaW-O_Dr' failed: Error in connection establishment: net::ERR_CONNECTION_REFUSED @ http://localhost:3000/_next/static/chunks/3a03c_next_dist_client_c2e61c5e._.js:10878
[  127296ms] [ERROR] WebSocket connection to 'ws://localhost:3000/_next/webpack-hmr?id=ASsRbGmFocVKcWaW-O_Dr' failed: Error in connection establishment: net::ERR_CONNECTION_REFUSED @ http://localhost:3000/_next/static/chunks/3a03c_next_dist_client_c2e61c5e._.js:10878
[  132303ms] [ERROR] WebSocket connection to 'ws://localhost:3000/_next/webpack-hmr?id=ASsRbGmFocVKcWaW-O_Dr' failed: Error in connection establishment: net::ERR_CONNECTION_REFUSED @ http://localhost:3000/_next/static/chunks/3a03c_next_dist_client_c2e61c5e._.js:10878
[  137308ms] [ERROR] WebSocket connection to 'ws://localhost:3000/_next/webpack-hmr?id=ASsRbGmFocVKcWaW-O_Dr' failed: Error in connection establishment: net::ERR_CONNECTION_REFUSED @ http://localhost:3000/_next/static/chunks/3a03c_next_dist_client_c2e61c5e._.js:10878
[  142313ms] [ERROR] WebSocket connection to 'ws://localhost:3000/_next/webpack-hmr?id=ASsRbGmFocVKcWaW-O_Dr' failed: Error in connection establishment: net::ERR_CONNECTION_REFUSED @ http://localhost:3000/_next/static/chunks/3a03c_next_dist_client_c2e61c5e._.js:10878
[  147318ms] [ERROR] WebSocket connection to 'ws://localhost:3000/_next/webpack-hmr?id=ASsRbGmFocVKcWaW-O_Dr' failed: Error in connection establishment: net::ERR_CONNECTION_REFUSED @ http://localhost:3000/_next/static/chunks/3a03c_next_dist_client_c2e61c5e._.js:10878
[  152323ms] [ERROR] WebSocket connection to 'ws://localhost:3000/_next/webpack-hmr?id=ASsRbGmFocVKcWaW-O_Dr' failed: Error in connection establishment: net::ERR_CONNECTION_REFUSED @ http://localhost:3000/_next/static/chunks/3a03c_next_dist_client_c2e61c5e._.js:10878
[  155023ms] [ERROR] Invalid Sentry Dsn: your-project-dsn @ http://localhost:3000/_next/static/chunks/45634_%40sentry_core_build_esm_71bf6120._.js:3311
[  155024ms] [ERROR] Invalid Sentry Dsn: your-project-dsn @ http://localhost:3000/_next/static/chunks/45634_%40sentry_core_build_esm_71bf6120._.js:3311
[  155037ms] [INFO] %cDownload the React DevTools for a better development experience: https://react.dev/link/react-devtools font-weight:bold @ http://localhost:3000/_next/static/chunks/3a03c_next_dist_070c5e51._.js:1053
[  155093ms] [LOG] [HMR] connected @ http://localhost:3000/_next/static/chunks/3a03c_next_dist_070c5e51._.js:1053
[  155141ms] [WARNING] Image with src "/img/logo_shiro.png" has either width or height modified, but not the other. If you use CSS to change the size of your image, also include the styles 'width: "auto"' or 'height: "auto"' to maintain the aspect ratio. @ http://localhost:3000/_next/static/chunks/3a03c_next_dist_070c5e51._.js:1053
[  155141ms] [WARNING] Image with src "/img/footer_logo.webp" has either width or height modified, but not the other. If you use CSS to change the size of your image, also include the styles 'width: "auto"' or 'height: "auto"' to maintain the aspect ratio. @ http://localhost:3000/_next/static/chunks/3a03c_next_dist_070c5e51._.js:1053
[  155146ms] [WARNING] Image with src "/img/hero-background.svg" was detected as the Largest Contentful Paint (LCP). Please add the `loading="eager"` property if this image is above the fold.
Read more: https://nextjs.org/docs/app/api-reference/components/image#loading @ http://localhost:3000/_next/static/chunks/3a03c_next_dist_070c5e51._.js:1053
[  170997ms] [LOG] [Fast Refresh] rebuilding @ http://localhost:3000/_next/static/chunks/3a03c_next_dist_070c5e51._.js:1053
[  171023ms] [LOG] [Fast Refresh] done in 128ms @ http://localhost:3000/_next/static/chunks/3a03c_next_dist_070c5e51._.js:1053
[  196345ms] [LOG] [Fast Refresh] rebuilding @ http://localhost:3000/_next/static/chunks/3a03c_next_dist_070c5e51._.js:1053
[  196425ms] [LOG] [Fast Refresh] done in 182ms @ http://localhost:3000/_next/static/chunks/3a03c_next_dist_070c5e51._.js:1053
